<?xml version="1.0" encoding="UTF-8"?>
<!-- Generated by org.testng.reporters.JUnitReportReporter -->
<testsuite hostname="DESKTOP-RKENGEM" failures="0" tests="1" name="testRunnerTest2.TestRunnerTest2" time="0.601" errors="0" timestamp="2023-12-09T20:46:30 EST" skipped="0">
  <testcase classname="testRunnerTest2.TestRunnerTest2" name="runScenario" time="0.601"/>
</testsuite> <!-- testRunnerTest2.TestRunnerTest2 -->
