<?xml version="1.0" encoding="UTF-8"?>
<!-- Generated by org.testng.reporters.JUnitReportReporter -->
<testsuite hostname="DESKTOP-RKENGEM" failures="0" tests="2" name="testRunnerTest2.TestRunnerTest2" time="17.670" errors="0" timestamp="2023-12-25T00:19:59 EST" skipped="0">
  <testcase classname="testRunnerTest2.TestRunnerTest2" name="runScenario" time="8.722"/>
  <testcase classname="testRunnerTest2.TestRunnerTest2" name="runScenario" time="8.948"/>
</testsuite> <!-- testRunnerTest2.TestRunnerTest2 -->
